<?xml version="1.0" encoding="UTF-8"?>
<!-- Generated by org.testng.reporters.JUnitReportReporter -->
<testsuite skipped="0" hostname="LAPTOP-POCHI3TQ" name="tests.CompaniesTest" tests="4" failures="0" timestamp="08 Sep 2023 15:36:36 GMT" time="35.157" errors="0">
  <testcase name="enterLoginData" time="20.683" classname="tests.CompaniesTest"/>
  <testcase name="testMoveToCompanies" time="8.010" classname="tests.CompaniesTest"/>
  <testcase name="testCompanyDetails" time="6.416" classname="tests.CompaniesTest"/>
  <testcase name="testCompanyName" time="0.048" classname="tests.CompaniesTest"/>
</testsuite> <!-- tests.CompaniesTest -->
