<?xml version="1.0" encoding="UTF-8"?>
<!-- Generated by org.testng.reporters.JUnitReportReporter -->
<testsuite skipped="0" hostname="LAPTOP-POCHI3TQ" name="tests.DealsTest" tests="4" failures="0" timestamp="12 Sep 2023 12:43:11 GMT" time="33.200" errors="0">
  <testcase name="enterLoginData" time="16.969" classname="tests.DealsTest"/>
  <testcase name="testMoveToDeals" time="11.369" classname="tests.DealsTest"/>
  <testcase name="testNewDeal" time="4.796" classname="tests.DealsTest"/>
  <testcase name="testContactName" time="0.066" classname="tests.DealsTest"/>
</testsuite> <!-- tests.DealsTest -->
