<?xml version="1.0" encoding="UTF-8"?>
<!-- Generated by org.testng.reporters.JUnitReportReporter -->
<testsuite skipped="0" hostname="LAPTOP-POCHI3TQ" name="tests.HomeTest" tests="16" failures="0" timestamp="01 Sep 2023 14:44:55 GMT" time="17.938" errors="0">
  <testcase name="enterLoginData" time="17.402" classname="tests.HomeTest"/>
  <testcase name="testHomeLink" time="0.171" classname="tests.HomeTest"/>
  <testcase name="testCalenderLink" time="0.036" classname="tests.HomeTest"/>
  <testcase name="testCompaniesLink" time="0.037" classname="tests.HomeTest"/>
  <testcase name="testContactsLink" time="0.025" classname="tests.HomeTest"/>
  <testcase name="testDealsLink" time="0.027" classname="tests.HomeTest"/>
  <testcase name="testTasksLink" time="0.025" classname="tests.HomeTest"/>
  <testcase name="testCasesLink" time="0.024" classname="tests.HomeTest"/>
  <testcase name="testCallsLink" time="0.024" classname="tests.HomeTest"/>
  <testcase name="testEmailLink" time="0.022" classname="tests.HomeTest"/>
  <testcase name="testTextLink" time="0.023" classname="tests.HomeTest"/>
  <testcase name="testPrintLink" time="0.024" classname="tests.HomeTest"/>
  <testcase name="testCampaignLink" time="0.023" classname="tests.HomeTest"/>
  <testcase name="testDocsLink" time="0.023" classname="tests.HomeTest"/>
  <testcase name="testFormsLink" time="0.025" classname="tests.HomeTest"/>
  <testcase name="testReportsLink" time="0.027" classname="tests.HomeTest"/>
</testsuite> <!-- tests.HomeTest -->
