<?xml version="1.0" encoding="UTF-8"?>
<!-- Generated by org.testng.reporters.JUnitReportReporter -->
<testsuite skipped="0" hostname="LAPTOP-POCHI3TQ" name="tests.ContactsTest" tests="4" failures="0" timestamp="11 Sep 2023 12:30:48 GMT" time="36.837" errors="0">
  <testcase name="enterLoginData" time="14.903" classname="tests.ContactsTest"/>
  <testcase name="testMoveToCompanies" time="12.917" classname="tests.ContactsTest"/>
  <testcase name="testContactsDetails" time="8.972" classname="tests.ContactsTest"/>
  <testcase name="testContactName" time="0.045" classname="tests.ContactsTest"/>
</testsuite> <!-- tests.ContactsTest -->
