<?xml version="1.0" encoding="UTF-8"?>
<!-- Generated by org.testng.reporters.JUnitReportReporter -->
<testsuite skipped="0" hostname="LAPTOP-POCHI3TQ" name="tests.IndexTest" tests="11" failures="0" timestamp="22 Aug 2023 12:11:20 GMT" time="0.289" errors="0">
  <testcase name="testPageNavigation" time="0.017" classname="tests.IndexTest"/>
  <testcase name="testCompanyBrand" time="0.049" classname="tests.IndexTest"/>
  <testcase name="testHomeLink" time="0.031" classname="tests.IndexTest"/>
  <testcase name="testSignUpLink" time="0.025" classname="tests.IndexTest"/>
  <testcase name="testPricingLink" time="0.027" classname="tests.IndexTest"/>
  <testcase name="testFeatureLink" time="0.025" classname="tests.IndexTest"/>
  <testcase name="testCustomerLink" time="0.025" classname="tests.IndexTest"/>
  <testcase name="testContactsLink" time="0.024" classname="tests.IndexTest"/>
  <testcase name="testUsernameTextBox" time="0.026" classname="tests.IndexTest"/>
  <testcase name="testPasswordTextBox" time="0.020" classname="tests.IndexTest"/>
  <testcase name="testLoginButton" time="0.020" classname="tests.IndexTest"/>
</testsuite> <!-- tests.IndexTest -->
