<?xml version="1.0" encoding="UTF-8"?>
<!-- Generated by org.testng.reporters.JUnitReportReporter -->
<testsuite skipped="0" hostname="LAPTOP-POCHI3TQ" name="tests.TasksTest" tests="4" failures="0" timestamp="13 Sep 2023 14:40:35 GMT" time="35.112" errors="0">
  <testcase name="enterLoginData" time="16.376" classname="tests.TasksTest"/>
  <testcase name="testMoveToTasks" time="12.378" classname="tests.TasksTest"/>
  <testcase name="testNewTask" time="6.288" classname="tests.TasksTest"/>
  <testcase name="testOwnerName" time="0.070" classname="tests.TasksTest"/>
</testsuite> <!-- tests.TasksTest -->
