<?xml version="1.0" encoding="UTF-8"?>
<!-- Generated by org.testng.reporters.JUnitReportReporter -->
<testsuite skipped="0" hostname="LAPTOP-POCHI3TQ" name="tests.RegistrationTest" tests="12" failures="0" timestamp="22 Aug 2023 13:01:49 GMT" time="32.304" errors="0">
  <testcase name="testSignUpLink" time="27.830" classname="tests.RegistrationTest"/>
  <testcase name="testPageNavigation" time="0.016" classname="tests.RegistrationTest"/>
  <testcase name="testEdition" time="0.214" classname="tests.RegistrationTest"/>
  <testcase name="testFirstName" time="0.105" classname="tests.RegistrationTest"/>
  <testcase name="testLastName" time="0.082" classname="tests.RegistrationTest"/>
  <testcase name="testEmail" time="0.124" classname="tests.RegistrationTest"/>
  <testcase name="testConfirmEmail" time="0.125" classname="tests.RegistrationTest"/>
  <testcase name="testUsername" time="0.096" classname="tests.RegistrationTest"/>
  <testcase name="testPassword" time="0.088" classname="tests.RegistrationTest"/>
  <testcase name="testConfirmPassword" time="0.092" classname="tests.RegistrationTest"/>
  <testcase name="testAgreeCheckBox" time="0.049" classname="tests.RegistrationTest"/>
  <testcase name="testSubmitButton" time="3.483" classname="tests.RegistrationTest"/>
</testsuite> <!-- tests.RegistrationTest -->
